
code.elf:     file format elf32-avr


Disassembly of section .text:

00000000 <__vectors>:
   0:	0c 94 24 01 	jmp	0x248	; 0x248 <__ctors_end>
   4:	0c 94 41 01 	jmp	0x282	; 0x282 <__bad_interrupt>
   8:	0c 94 41 01 	jmp	0x282	; 0x282 <__bad_interrupt>
   c:	0c 94 41 01 	jmp	0x282	; 0x282 <__bad_interrupt>
  10:	0c 94 41 01 	jmp	0x282	; 0x282 <__bad_interrupt>
  14:	0c 94 41 01 	jmp	0x282	; 0x282 <__bad_interrupt>
  18:	0c 94 41 01 	jmp	0x282	; 0x282 <__bad_interrupt>
  1c:	0c 94 41 01 	jmp	0x282	; 0x282 <__bad_interrupt>
  20:	0c 94 41 01 	jmp	0x282	; 0x282 <__bad_interrupt>
  24:	0c 94 41 01 	jmp	0x282	; 0x282 <__bad_interrupt>
  28:	0c 94 41 01 	jmp	0x282	; 0x282 <__bad_interrupt>
  2c:	0c 94 41 01 	jmp	0x282	; 0x282 <__bad_interrupt>
  30:	0c 94 41 01 	jmp	0x282	; 0x282 <__bad_interrupt>
  34:	0c 94 41 01 	jmp	0x282	; 0x282 <__bad_interrupt>
  38:	0c 94 41 01 	jmp	0x282	; 0x282 <__bad_interrupt>
  3c:	0c 94 41 01 	jmp	0x282	; 0x282 <__bad_interrupt>
  40:	0c 94 41 01 	jmp	0x282	; 0x282 <__bad_interrupt>
  44:	0c 94 41 01 	jmp	0x282	; 0x282 <__bad_interrupt>
  48:	0c 94 41 01 	jmp	0x282	; 0x282 <__bad_interrupt>
  4c:	0c 94 41 01 	jmp	0x282	; 0x282 <__bad_interrupt>
  50:	0c 94 41 01 	jmp	0x282	; 0x282 <__bad_interrupt>
  54:	0c 94 41 01 	jmp	0x282	; 0x282 <__bad_interrupt>
  58:	0c 94 41 01 	jmp	0x282	; 0x282 <__bad_interrupt>
  5c:	0c 94 41 01 	jmp	0x282	; 0x282 <__bad_interrupt>
  60:	0c 94 41 01 	jmp	0x282	; 0x282 <__bad_interrupt>
  64:	0c 94 41 01 	jmp	0x282	; 0x282 <__bad_interrupt>

00000068 <CHARSET>:
  68:	00 00 00 00 00 00 00 5f 00 00 00 07 00 07 00 14     ......._........
  78:	7f 14 7f 14 24 2a 7f 2a 12 23 13 08 64 62 36 49     ....$*.*.#..db6I
  88:	55 22 50 00 05 03 00 00 00 1c 22 41 00 00 41 22     U"P......."A..A"
  98:	1c 00 14 08 3e 08 14 08 08 3e 08 08 00 50 30 00     ....>....>...P0.
  a8:	00 08 08 08 08 08 00 60 60 00 00 20 10 08 04 02     .......``.. ....
  b8:	3e 51 49 45 3e 00 42 7f 40 00 42 61 51 49 46 21     >QIE>.B.@.BaQIF!
  c8:	41 45 4b 31 18 14 12 7f 10 27 45 45 45 39 3c 4a     AEK1.....'EEE9<J
  d8:	49 49 30 01 71 09 05 03 36 49 49 49 36 06 49 49     II0.q...6III6.II
  e8:	29 1e 00 36 36 00 00 00 56 36 00 00 08 14 22 41     )..66...V6...."A
  f8:	00 14 14 14 14 14 00 41 22 14 08 02 01 51 09 06     .......A"....Q..
 108:	32 49 79 41 3e 7e 11 11 11 7e 7f 49 49 49 36 3e     2IyA>~...~.III6>
 118:	41 41 41 22 7f 41 41 22 1c 7f 49 49 49 41 7f 09     AAA".AA"..IIIA..
 128:	09 09 01 3e 41 49 49 7a 7f 08 08 08 7f 00 41 7f     ...>AIIz......A.
 138:	41 00 20 40 41 3f 01 7f 08 14 22 41 7f 40 40 40     A. @A?...."A.@@@
 148:	40 7f 02 0c 02 7f 7f 04 08 10 7f 3e 41 41 41 3e     @..........>AAA>
 158:	7f 09 09 09 06 3e 41 51 21 5e 7f 09 19 29 46 46     .....>AQ!^...)FF
 168:	49 49 49 31 01 01 7f 01 01 3f 40 40 40 3f 1f 20     III1.....?@@@?. 
 178:	40 20 1f 3f 40 38 40 3f 63 14 08 14 63 07 08 70     @ .?@8@?c...c..p
 188:	08 07 61 51 49 45 43 00 7f 41 41 00 02 04 08 10     ..aQIEC..AA.....
 198:	20 00 41 41 7f 00 04 02 01 02 04 40 40 40 40 40      .AA.......@@@@@
 1a8:	00 01 02 04 00 20 54 54 54 78 7f 48 44 44 38 38     ..... TTTx.HDD88
 1b8:	44 44 44 20 38 44 44 48 7f 38 54 54 54 18 08 7e     DDD 8DDH.8TTT..~
 1c8:	09 01 02 0c 52 52 52 3e 7f 08 04 04 78 00 44 7d     ....RRR>....x.D}
 1d8:	40 00 20 40 44 3d 00 7f 10 28 44 00 00 41 7f 40     @. @D=...(D..A.@
 1e8:	00 7c 04 18 04 78 7c 08 04 04 78 38 44 44 44 38     .|...x|...x8DDD8
 1f8:	7c 14 14 14 08 08 14 14 18 7c 7c 08 04 04 08 48     |........||....H
 208:	54 54 54 20 04 3f 44 40 20 3c 40 40 20 7c 1c 20     TTT .?D@ <@@ |. 
 218:	40 20 1c 3c 40 30 40 3c 44 28 10 28 44 0c 50 50     @ .<@0@<D(.(D.PP
 228:	50 3c 44 64 54 4c 44 00 08 36 41 00 00 00 7f 00     P<DdTLD..6A.....
 238:	00 00 41 36 08 00 10 08 08 10 08 00 00 00 00 00     ..A6............

00000248 <__ctors_end>:
 248:	11 24       	eor	r1, r1
 24a:	1f be       	out	0x3f, r1	; 63
 24c:	cf ef       	ldi	r28, 0xFF	; 255
 24e:	d8 e0       	ldi	r29, 0x08	; 8
 250:	de bf       	out	0x3e, r29	; 62
 252:	cd bf       	out	0x3d, r28	; 61

00000254 <__do_copy_data>:
 254:	12 e0       	ldi	r17, 0x02	; 2
 256:	a0 e0       	ldi	r26, 0x00	; 0
 258:	b1 e0       	ldi	r27, 0x01	; 1
 25a:	e8 eb       	ldi	r30, 0xB8	; 184
 25c:	fc e0       	ldi	r31, 0x0C	; 12
 25e:	02 c0       	rjmp	.+4      	; 0x264 <__do_copy_data+0x10>
 260:	05 90       	lpm	r0, Z+
 262:	0d 92       	st	X+, r0
 264:	ac 3c       	cpi	r26, 0xCC	; 204
 266:	b1 07       	cpc	r27, r17
 268:	d9 f7       	brne	.-10     	; 0x260 <__do_copy_data+0xc>

0000026a <__do_clear_bss>:
 26a:	25 e0       	ldi	r18, 0x05	; 5
 26c:	ac ec       	ldi	r26, 0xCC	; 204
 26e:	b2 e0       	ldi	r27, 0x02	; 2
 270:	01 c0       	rjmp	.+2      	; 0x274 <.do_clear_bss_start>

00000272 <.do_clear_bss_loop>:
 272:	1d 92       	st	X+, r1

00000274 <.do_clear_bss_start>:
 274:	a2 31       	cpi	r26, 0x12	; 18
 276:	b2 07       	cpc	r27, r18
 278:	e1 f7       	brne	.-8      	; 0x272 <.do_clear_bss_loop>
 27a:	0e 94 af 03 	call	0x75e	; 0x75e <main>
 27e:	0c 94 5a 06 	jmp	0xcb4	; 0xcb4 <_exit>

00000282 <__bad_interrupt>:
 282:	0c 94 00 00 	jmp	0	; 0x0 <__vectors>

00000286 <botaoPress1>:
 286:	4d 99       	sbic	0x09, 5	; 9
 288:	03 c0       	rjmp	.+6      	; 0x290 <botaoPress1+0xa>
 28a:	80 e0       	ldi	r24, 0x00	; 0
 28c:	90 e0       	ldi	r25, 0x00	; 0
 28e:	08 95       	ret
 290:	4d 9b       	sbis	0x09, 5	; 9
 292:	07 c0       	rjmp	.+14     	; 0x2a2 <botaoPress1+0x1c>
 294:	8f e3       	ldi	r24, 0x3F	; 63
 296:	9c e9       	ldi	r25, 0x9C	; 156
 298:	01 97       	sbiw	r24, 0x01	; 1
 29a:	f1 f7       	brne	.-4      	; 0x298 <botaoPress1+0x12>
 29c:	00 c0       	rjmp	.+0      	; 0x29e <botaoPress1+0x18>
 29e:	00 00       	nop
 2a0:	f7 cf       	rjmp	.-18     	; 0x290 <botaoPress1+0xa>
 2a2:	81 e0       	ldi	r24, 0x01	; 1
 2a4:	90 e0       	ldi	r25, 0x00	; 0
 2a6:	08 95       	ret

000002a8 <botaoPress2>:
 2a8:	4f 99       	sbic	0x09, 7	; 9
 2aa:	03 c0       	rjmp	.+6      	; 0x2b2 <botaoPress2+0xa>
 2ac:	80 e0       	ldi	r24, 0x00	; 0
 2ae:	90 e0       	ldi	r25, 0x00	; 0
 2b0:	08 95       	ret
 2b2:	4f 9b       	sbis	0x09, 7	; 9
 2b4:	07 c0       	rjmp	.+14     	; 0x2c4 <botaoPress2+0x1c>
 2b6:	8f e3       	ldi	r24, 0x3F	; 63
 2b8:	9c e9       	ldi	r25, 0x9C	; 156
 2ba:	01 97       	sbiw	r24, 0x01	; 1
 2bc:	f1 f7       	brne	.-4      	; 0x2ba <botaoPress2+0x12>
 2be:	00 c0       	rjmp	.+0      	; 0x2c0 <botaoPress2+0x18>
 2c0:	00 00       	nop
 2c2:	f7 cf       	rjmp	.-18     	; 0x2b2 <botaoPress2+0xa>
 2c4:	81 e0       	ldi	r24, 0x01	; 1
 2c6:	90 e0       	ldi	r25, 0x00	; 0
 2c8:	08 95       	ret

000002ca <botaoPress3>:
 2ca:	4e 99       	sbic	0x09, 6	; 9
 2cc:	03 c0       	rjmp	.+6      	; 0x2d4 <botaoPress3+0xa>
 2ce:	80 e0       	ldi	r24, 0x00	; 0
 2d0:	90 e0       	ldi	r25, 0x00	; 0
 2d2:	08 95       	ret
 2d4:	4e 9b       	sbis	0x09, 6	; 9
 2d6:	07 c0       	rjmp	.+14     	; 0x2e6 <botaoPress3+0x1c>
 2d8:	8f e3       	ldi	r24, 0x3F	; 63
 2da:	9c e9       	ldi	r25, 0x9C	; 156
 2dc:	01 97       	sbiw	r24, 0x01	; 1
 2de:	f1 f7       	brne	.-4      	; 0x2dc <botaoPress3+0x12>
 2e0:	00 c0       	rjmp	.+0      	; 0x2e2 <botaoPress3+0x18>
 2e2:	00 00       	nop
 2e4:	f7 cf       	rjmp	.-18     	; 0x2d4 <botaoPress3+0xa>
 2e6:	81 e0       	ldi	r24, 0x01	; 1
 2e8:	90 e0       	ldi	r25, 0x00	; 0
 2ea:	08 95       	ret

000002ec <botaoContagem>:
 2ec:	18 99       	sbic	0x03, 0	; 3
 2ee:	03 c0       	rjmp	.+6      	; 0x2f6 <botaoContagem+0xa>
 2f0:	80 e0       	ldi	r24, 0x00	; 0
 2f2:	90 e0       	ldi	r25, 0x00	; 0
 2f4:	08 95       	ret
 2f6:	18 9b       	sbis	0x03, 0	; 3
 2f8:	07 c0       	rjmp	.+14     	; 0x308 <botaoContagem+0x1c>
 2fa:	8f e3       	ldi	r24, 0x3F	; 63
 2fc:	9c e9       	ldi	r25, 0x9C	; 156
 2fe:	01 97       	sbiw	r24, 0x01	; 1
 300:	f1 f7       	brne	.-4      	; 0x2fe <botaoContagem+0x12>
 302:	00 c0       	rjmp	.+0      	; 0x304 <botaoContagem+0x18>
 304:	00 00       	nop
 306:	f7 cf       	rjmp	.-18     	; 0x2f6 <botaoContagem+0xa>
 308:	81 e0       	ldi	r24, 0x01	; 1
 30a:	90 e0       	ldi	r25, 0x00	; 0
 30c:	08 95       	ret

0000030e <checaSaldo>:
 30e:	cf 92       	push	r12
 310:	df 92       	push	r13
 312:	ef 92       	push	r14
 314:	ff 92       	push	r15
 316:	c0 90 d4 02 	lds	r12, 0x02D4	; 0x8002d4 <saldo>
 31a:	d0 90 d5 02 	lds	r13, 0x02D5	; 0x8002d5 <saldo+0x1>
 31e:	e0 90 d6 02 	lds	r14, 0x02D6	; 0x8002d6 <saldo+0x2>
 322:	f0 90 d7 02 	lds	r15, 0x02D7	; 0x8002d7 <saldo+0x3>
 326:	20 e0       	ldi	r18, 0x00	; 0
 328:	30 e0       	ldi	r19, 0x00	; 0
 32a:	a9 01       	movw	r20, r18
 32c:	c7 01       	movw	r24, r14
 32e:	b6 01       	movw	r22, r12
 330:	0e 94 d2 05 	call	0xba4	; 0xba4 <__cmpsf2>
 334:	81 11       	cpse	r24, r1
 336:	06 c0       	rjmp	.+12     	; 0x344 <checaSaldo+0x36>
 338:	0e 94 a0 02 	call	0x540	; 0x540 <nokia_lcd_clear>
 33c:	61 e0       	ldi	r22, 0x01	; 1
 33e:	85 e0       	ldi	r24, 0x05	; 5
 340:	91 e0       	ldi	r25, 0x01	; 1
 342:	8f c0       	rjmp	.+286    	; 0x462 <__EEPROM_REGION_LENGTH__+0x62>
 344:	20 e0       	ldi	r18, 0x00	; 0
 346:	30 e0       	ldi	r19, 0x00	; 0
 348:	40 e8       	ldi	r20, 0x80	; 128
 34a:	5e e3       	ldi	r21, 0x3E	; 62
 34c:	c7 01       	movw	r24, r14
 34e:	b6 01       	movw	r22, r12
 350:	0e 94 d2 05 	call	0xba4	; 0xba4 <__cmpsf2>
 354:	81 11       	cpse	r24, r1
 356:	06 c0       	rjmp	.+12     	; 0x364 <checaSaldo+0x56>
 358:	0e 94 a0 02 	call	0x540	; 0x540 <nokia_lcd_clear>
 35c:	61 e0       	ldi	r22, 0x01	; 1
 35e:	83 e1       	ldi	r24, 0x13	; 19
 360:	91 e0       	ldi	r25, 0x01	; 1
 362:	7f c0       	rjmp	.+254    	; 0x462 <__EEPROM_REGION_LENGTH__+0x62>
 364:	20 e0       	ldi	r18, 0x00	; 0
 366:	30 e0       	ldi	r19, 0x00	; 0
 368:	40 e0       	ldi	r20, 0x00	; 0
 36a:	5f e3       	ldi	r21, 0x3F	; 63
 36c:	c7 01       	movw	r24, r14
 36e:	b6 01       	movw	r22, r12
 370:	0e 94 d2 05 	call	0xba4	; 0xba4 <__cmpsf2>
 374:	81 11       	cpse	r24, r1
 376:	06 c0       	rjmp	.+12     	; 0x384 <checaSaldo+0x76>
 378:	0e 94 a0 02 	call	0x540	; 0x540 <nokia_lcd_clear>
 37c:	61 e0       	ldi	r22, 0x01	; 1
 37e:	81 e2       	ldi	r24, 0x21	; 33
 380:	91 e0       	ldi	r25, 0x01	; 1
 382:	6f c0       	rjmp	.+222    	; 0x462 <__EEPROM_REGION_LENGTH__+0x62>
 384:	20 e0       	ldi	r18, 0x00	; 0
 386:	30 e0       	ldi	r19, 0x00	; 0
 388:	40 e4       	ldi	r20, 0x40	; 64
 38a:	5f e3       	ldi	r21, 0x3F	; 63
 38c:	c7 01       	movw	r24, r14
 38e:	b6 01       	movw	r22, r12
 390:	0e 94 d2 05 	call	0xba4	; 0xba4 <__cmpsf2>
 394:	81 11       	cpse	r24, r1
 396:	06 c0       	rjmp	.+12     	; 0x3a4 <checaSaldo+0x96>
 398:	0e 94 a0 02 	call	0x540	; 0x540 <nokia_lcd_clear>
 39c:	61 e0       	ldi	r22, 0x01	; 1
 39e:	8f e2       	ldi	r24, 0x2F	; 47
 3a0:	91 e0       	ldi	r25, 0x01	; 1
 3a2:	5f c0       	rjmp	.+190    	; 0x462 <__EEPROM_REGION_LENGTH__+0x62>
 3a4:	20 e0       	ldi	r18, 0x00	; 0
 3a6:	30 e0       	ldi	r19, 0x00	; 0
 3a8:	40 e8       	ldi	r20, 0x80	; 128
 3aa:	5f e3       	ldi	r21, 0x3F	; 63
 3ac:	c7 01       	movw	r24, r14
 3ae:	b6 01       	movw	r22, r12
 3b0:	0e 94 d2 05 	call	0xba4	; 0xba4 <__cmpsf2>
 3b4:	81 11       	cpse	r24, r1
 3b6:	06 c0       	rjmp	.+12     	; 0x3c4 <checaSaldo+0xb6>
 3b8:	0e 94 a0 02 	call	0x540	; 0x540 <nokia_lcd_clear>
 3bc:	61 e0       	ldi	r22, 0x01	; 1
 3be:	8d e3       	ldi	r24, 0x3D	; 61
 3c0:	91 e0       	ldi	r25, 0x01	; 1
 3c2:	4f c0       	rjmp	.+158    	; 0x462 <__EEPROM_REGION_LENGTH__+0x62>
 3c4:	20 e0       	ldi	r18, 0x00	; 0
 3c6:	30 e0       	ldi	r19, 0x00	; 0
 3c8:	40 ea       	ldi	r20, 0xA0	; 160
 3ca:	5f e3       	ldi	r21, 0x3F	; 63
 3cc:	c7 01       	movw	r24, r14
 3ce:	b6 01       	movw	r22, r12
 3d0:	0e 94 d2 05 	call	0xba4	; 0xba4 <__cmpsf2>
 3d4:	81 11       	cpse	r24, r1
 3d6:	06 c0       	rjmp	.+12     	; 0x3e4 <checaSaldo+0xd6>
 3d8:	0e 94 a0 02 	call	0x540	; 0x540 <nokia_lcd_clear>
 3dc:	61 e0       	ldi	r22, 0x01	; 1
 3de:	8b e4       	ldi	r24, 0x4B	; 75
 3e0:	91 e0       	ldi	r25, 0x01	; 1
 3e2:	3f c0       	rjmp	.+126    	; 0x462 <__EEPROM_REGION_LENGTH__+0x62>
 3e4:	20 e0       	ldi	r18, 0x00	; 0
 3e6:	30 e0       	ldi	r19, 0x00	; 0
 3e8:	40 ec       	ldi	r20, 0xC0	; 192
 3ea:	5f e3       	ldi	r21, 0x3F	; 63
 3ec:	c7 01       	movw	r24, r14
 3ee:	b6 01       	movw	r22, r12
 3f0:	0e 94 d2 05 	call	0xba4	; 0xba4 <__cmpsf2>
 3f4:	81 11       	cpse	r24, r1
 3f6:	06 c0       	rjmp	.+12     	; 0x404 <__EEPROM_REGION_LENGTH__+0x4>
 3f8:	0e 94 a0 02 	call	0x540	; 0x540 <nokia_lcd_clear>
 3fc:	61 e0       	ldi	r22, 0x01	; 1
 3fe:	89 e5       	ldi	r24, 0x59	; 89
 400:	91 e0       	ldi	r25, 0x01	; 1
 402:	2f c0       	rjmp	.+94     	; 0x462 <__EEPROM_REGION_LENGTH__+0x62>
 404:	20 e0       	ldi	r18, 0x00	; 0
 406:	30 e0       	ldi	r19, 0x00	; 0
 408:	40 ee       	ldi	r20, 0xE0	; 224
 40a:	5f e3       	ldi	r21, 0x3F	; 63
 40c:	c7 01       	movw	r24, r14
 40e:	b6 01       	movw	r22, r12
 410:	0e 94 d2 05 	call	0xba4	; 0xba4 <__cmpsf2>
 414:	81 11       	cpse	r24, r1
 416:	06 c0       	rjmp	.+12     	; 0x424 <__EEPROM_REGION_LENGTH__+0x24>
 418:	0e 94 a0 02 	call	0x540	; 0x540 <nokia_lcd_clear>
 41c:	61 e0       	ldi	r22, 0x01	; 1
 41e:	87 e6       	ldi	r24, 0x67	; 103
 420:	91 e0       	ldi	r25, 0x01	; 1
 422:	1f c0       	rjmp	.+62     	; 0x462 <__EEPROM_REGION_LENGTH__+0x62>
 424:	20 e0       	ldi	r18, 0x00	; 0
 426:	30 e0       	ldi	r19, 0x00	; 0
 428:	40 e0       	ldi	r20, 0x00	; 0
 42a:	50 e4       	ldi	r21, 0x40	; 64
 42c:	c7 01       	movw	r24, r14
 42e:	b6 01       	movw	r22, r12
 430:	0e 94 d2 05 	call	0xba4	; 0xba4 <__cmpsf2>
 434:	81 11       	cpse	r24, r1
 436:	06 c0       	rjmp	.+12     	; 0x444 <__EEPROM_REGION_LENGTH__+0x44>
 438:	0e 94 a0 02 	call	0x540	; 0x540 <nokia_lcd_clear>
 43c:	61 e0       	ldi	r22, 0x01	; 1
 43e:	85 e7       	ldi	r24, 0x75	; 117
 440:	91 e0       	ldi	r25, 0x01	; 1
 442:	0f c0       	rjmp	.+30     	; 0x462 <__EEPROM_REGION_LENGTH__+0x62>
 444:	20 e0       	ldi	r18, 0x00	; 0
 446:	30 e0       	ldi	r19, 0x00	; 0
 448:	40 e1       	ldi	r20, 0x10	; 16
 44a:	50 e4       	ldi	r21, 0x40	; 64
 44c:	c7 01       	movw	r24, r14
 44e:	b6 01       	movw	r22, r12
 450:	0e 94 d2 05 	call	0xba4	; 0xba4 <__cmpsf2>
 454:	81 11       	cpse	r24, r1
 456:	0d c0       	rjmp	.+26     	; 0x472 <__EEPROM_REGION_LENGTH__+0x72>
 458:	0e 94 a0 02 	call	0x540	; 0x540 <nokia_lcd_clear>
 45c:	61 e0       	ldi	r22, 0x01	; 1
 45e:	83 e8       	ldi	r24, 0x83	; 131
 460:	91 e0       	ldi	r25, 0x01	; 1
 462:	0e 94 85 03 	call	0x70a	; 0x70a <nokia_lcd_write_string>
 466:	ff 90       	pop	r15
 468:	ef 90       	pop	r14
 46a:	df 90       	pop	r13
 46c:	cf 90       	pop	r12
 46e:	0c 94 9a 03 	jmp	0x734	; 0x734 <nokia_lcd_render>
 472:	ff 90       	pop	r15
 474:	ef 90       	pop	r14
 476:	df 90       	pop	r13
 478:	cf 90       	pop	r12
 47a:	08 95       	ret

0000047c <write>:
 47c:	29 98       	cbi	0x05, 1	; 5
 47e:	66 23       	and	r22, r22
 480:	11 f0       	breq	.+4      	; 0x486 <write+0xa>
 482:	2b 9a       	sbi	0x05, 3	; 5
 484:	01 c0       	rjmp	.+2      	; 0x488 <write+0xc>
 486:	2b 98       	cbi	0x05, 3	; 5
 488:	27 e0       	ldi	r18, 0x07	; 7
 48a:	30 e0       	ldi	r19, 0x00	; 0
 48c:	90 e0       	ldi	r25, 0x00	; 0
 48e:	ac 01       	movw	r20, r24
 490:	02 2e       	mov	r0, r18
 492:	02 c0       	rjmp	.+4      	; 0x498 <write+0x1c>
 494:	55 95       	asr	r21
 496:	47 95       	ror	r20
 498:	0a 94       	dec	r0
 49a:	e2 f7       	brpl	.-8      	; 0x494 <write+0x18>
 49c:	40 ff       	sbrs	r20, 0
 49e:	02 c0       	rjmp	.+4      	; 0x4a4 <write+0x28>
 4a0:	2c 9a       	sbi	0x05, 4	; 5
 4a2:	01 c0       	rjmp	.+2      	; 0x4a6 <write+0x2a>
 4a4:	2c 98       	cbi	0x05, 4	; 5
 4a6:	2d 9a       	sbi	0x05, 5	; 5
 4a8:	2d 98       	cbi	0x05, 5	; 5
 4aa:	21 50       	subi	r18, 0x01	; 1
 4ac:	31 09       	sbc	r19, r1
 4ae:	78 f7       	brcc	.-34     	; 0x48e <write+0x12>
 4b0:	29 9a       	sbi	0x05, 1	; 5
 4b2:	08 95       	ret

000004b4 <write_cmd>:
 4b4:	60 e0       	ldi	r22, 0x00	; 0
 4b6:	0c 94 3e 02 	jmp	0x47c	; 0x47c <write>

000004ba <nokia_lcd_init>:
 4ba:	cf 93       	push	r28
 4bc:	df 93       	push	r29
 4be:	21 9a       	sbi	0x04, 1	; 4
 4c0:	22 9a       	sbi	0x04, 2	; 4
 4c2:	23 9a       	sbi	0x04, 3	; 4
 4c4:	24 9a       	sbi	0x04, 4	; 4
 4c6:	25 9a       	sbi	0x04, 5	; 4
 4c8:	2a 9a       	sbi	0x05, 2	; 5
 4ca:	29 9a       	sbi	0x05, 1	; 5
 4cc:	8f e3       	ldi	r24, 0x3F	; 63
 4ce:	9c e9       	ldi	r25, 0x9C	; 156
 4d0:	01 97       	sbiw	r24, 0x01	; 1
 4d2:	f1 f7       	brne	.-4      	; 0x4d0 <nokia_lcd_init+0x16>
 4d4:	00 c0       	rjmp	.+0      	; 0x4d6 <nokia_lcd_init+0x1c>
 4d6:	00 00       	nop
 4d8:	2a 98       	cbi	0x05, 2	; 5
 4da:	9f ef       	ldi	r25, 0xFF	; 255
 4dc:	2a e6       	ldi	r18, 0x6A	; 106
 4de:	83 e0       	ldi	r24, 0x03	; 3
 4e0:	91 50       	subi	r25, 0x01	; 1
 4e2:	20 40       	sbci	r18, 0x00	; 0
 4e4:	80 40       	sbci	r24, 0x00	; 0
 4e6:	e1 f7       	brne	.-8      	; 0x4e0 <nokia_lcd_init+0x26>
 4e8:	00 c0       	rjmp	.+0      	; 0x4ea <nokia_lcd_init+0x30>
 4ea:	00 00       	nop
 4ec:	2a 9a       	sbi	0x05, 2	; 5
 4ee:	29 98       	cbi	0x05, 1	; 5
 4f0:	81 e2       	ldi	r24, 0x21	; 33
 4f2:	0e 94 5a 02 	call	0x4b4	; 0x4b4 <write_cmd>
 4f6:	83 e1       	ldi	r24, 0x13	; 19
 4f8:	0e 94 5a 02 	call	0x4b4	; 0x4b4 <write_cmd>
 4fc:	86 e0       	ldi	r24, 0x06	; 6
 4fe:	0e 94 5a 02 	call	0x4b4	; 0x4b4 <write_cmd>
 502:	82 ec       	ldi	r24, 0xC2	; 194
 504:	0e 94 5a 02 	call	0x4b4	; 0x4b4 <write_cmd>
 508:	80 e2       	ldi	r24, 0x20	; 32
 50a:	0e 94 5a 02 	call	0x4b4	; 0x4b4 <write_cmd>
 50e:	89 e0       	ldi	r24, 0x09	; 9
 510:	0e 94 5a 02 	call	0x4b4	; 0x4b4 <write_cmd>
 514:	80 e8       	ldi	r24, 0x80	; 128
 516:	0e 94 5a 02 	call	0x4b4	; 0x4b4 <write_cmd>
 51a:	80 e4       	ldi	r24, 0x40	; 64
 51c:	0e 94 5a 02 	call	0x4b4	; 0x4b4 <write_cmd>
 520:	c8 ef       	ldi	r28, 0xF8	; 248
 522:	d1 e0       	ldi	r29, 0x01	; 1
 524:	61 e0       	ldi	r22, 0x01	; 1
 526:	80 e0       	ldi	r24, 0x00	; 0
 528:	0e 94 3e 02 	call	0x47c	; 0x47c <write>
 52c:	21 97       	sbiw	r28, 0x01	; 1
 52e:	d1 f7       	brne	.-12     	; 0x524 <nokia_lcd_init+0x6a>
 530:	88 e0       	ldi	r24, 0x08	; 8
 532:	0e 94 5a 02 	call	0x4b4	; 0x4b4 <write_cmd>
 536:	8c e0       	ldi	r24, 0x0C	; 12
 538:	df 91       	pop	r29
 53a:	cf 91       	pop	r28
 53c:	0c 94 5a 02 	jmp	0x4b4	; 0x4b4 <write_cmd>

00000540 <nokia_lcd_clear>:
 540:	80 e8       	ldi	r24, 0x80	; 128
 542:	0e 94 5a 02 	call	0x4b4	; 0x4b4 <write_cmd>
 546:	80 e4       	ldi	r24, 0x40	; 64
 548:	0e 94 5a 02 	call	0x4b4	; 0x4b4 <write_cmd>
 54c:	10 92 d0 04 	sts	0x04D0, r1	; 0x8004d0 <nokia_lcd+0x1f8>
 550:	10 92 d1 04 	sts	0x04D1, r1	; 0x8004d1 <nokia_lcd+0x1f9>
 554:	88 ef       	ldi	r24, 0xF8	; 248
 556:	91 e0       	ldi	r25, 0x01	; 1
 558:	e8 ed       	ldi	r30, 0xD8	; 216
 55a:	f2 e0       	ldi	r31, 0x02	; 2
 55c:	df 01       	movw	r26, r30
 55e:	9c 01       	movw	r18, r24
 560:	1d 92       	st	X+, r1
 562:	21 50       	subi	r18, 0x01	; 1
 564:	30 40       	sbci	r19, 0x00	; 0
 566:	e1 f7       	brne	.-8      	; 0x560 <nokia_lcd_clear+0x20>
 568:	08 95       	ret

0000056a <nokia_lcd_power>:
 56a:	81 11       	cpse	r24, r1
 56c:	02 c0       	rjmp	.+4      	; 0x572 <nokia_lcd_power+0x8>
 56e:	84 e2       	ldi	r24, 0x24	; 36
 570:	01 c0       	rjmp	.+2      	; 0x574 <nokia_lcd_power+0xa>
 572:	80 e2       	ldi	r24, 0x20	; 32
 574:	0c 94 5a 02 	jmp	0x4b4	; 0x4b4 <write_cmd>

00000578 <nokia_lcd_set_pixel>:
 578:	96 2f       	mov	r25, r22
 57a:	96 95       	lsr	r25
 57c:	96 95       	lsr	r25
 57e:	96 95       	lsr	r25
 580:	e8 2f       	mov	r30, r24
 582:	f0 e0       	ldi	r31, 0x00	; 0
 584:	84 e5       	ldi	r24, 0x54	; 84
 586:	98 9f       	mul	r25, r24
 588:	e0 0d       	add	r30, r0
 58a:	f1 1d       	adc	r31, r1
 58c:	11 24       	eor	r1, r1
 58e:	e8 52       	subi	r30, 0x28	; 40
 590:	fd 4f       	sbci	r31, 0xFD	; 253
 592:	67 70       	andi	r22, 0x07	; 7
 594:	81 e0       	ldi	r24, 0x01	; 1
 596:	90 e0       	ldi	r25, 0x00	; 0
 598:	01 c0       	rjmp	.+2      	; 0x59c <nokia_lcd_set_pixel+0x24>
 59a:	88 0f       	add	r24, r24
 59c:	6a 95       	dec	r22
 59e:	ea f7       	brpl	.-6      	; 0x59a <nokia_lcd_set_pixel+0x22>
 5a0:	44 23       	and	r20, r20
 5a2:	19 f0       	breq	.+6      	; 0x5aa <nokia_lcd_set_pixel+0x32>
 5a4:	90 81       	ld	r25, Z
 5a6:	89 2b       	or	r24, r25
 5a8:	03 c0       	rjmp	.+6      	; 0x5b0 <nokia_lcd_set_pixel+0x38>
 5aa:	80 95       	com	r24
 5ac:	90 81       	ld	r25, Z
 5ae:	89 23       	and	r24, r25
 5b0:	80 83       	st	Z, r24
 5b2:	08 95       	ret

000005b4 <nokia_lcd_write_char>:
 5b4:	8f 92       	push	r8
 5b6:	9f 92       	push	r9
 5b8:	af 92       	push	r10
 5ba:	bf 92       	push	r11
 5bc:	df 92       	push	r13
 5be:	ef 92       	push	r14
 5c0:	ff 92       	push	r15
 5c2:	0f 93       	push	r16
 5c4:	1f 93       	push	r17
 5c6:	cf 93       	push	r28
 5c8:	df 93       	push	r29
 5ca:	00 d0       	rcall	.+0      	; 0x5cc <nokia_lcd_write_char+0x18>
 5cc:	00 d0       	rcall	.+0      	; 0x5ce <nokia_lcd_write_char+0x1a>
 5ce:	1f 92       	push	r1
 5d0:	cd b7       	in	r28, 0x3d	; 61
 5d2:	de b7       	in	r29, 0x3e	; 62
 5d4:	f6 2e       	mov	r15, r22
 5d6:	28 2f       	mov	r18, r24
 5d8:	08 2e       	mov	r0, r24
 5da:	00 0c       	add	r0, r0
 5dc:	33 0b       	sbc	r19, r19
 5de:	80 32       	cpi	r24, 0x20	; 32
 5e0:	6c f0       	brlt	.+26     	; 0x5fc <nokia_lcd_write_char+0x48>
 5e2:	20 52       	subi	r18, 0x20	; 32
 5e4:	31 09       	sbc	r19, r1
 5e6:	85 e0       	ldi	r24, 0x05	; 5
 5e8:	82 9f       	mul	r24, r18
 5ea:	b0 01       	movw	r22, r0
 5ec:	83 9f       	mul	r24, r19
 5ee:	70 0d       	add	r23, r0
 5f0:	11 24       	eor	r1, r1
 5f2:	68 59       	subi	r22, 0x98	; 152
 5f4:	7f 4f       	sbci	r23, 0xFF	; 255
 5f6:	45 e0       	ldi	r20, 0x05	; 5
 5f8:	50 e0       	ldi	r21, 0x00	; 0
 5fa:	0e c0       	rjmp	.+28     	; 0x618 <nokia_lcd_write_char+0x64>
 5fc:	22 0f       	add	r18, r18
 5fe:	33 1f       	adc	r19, r19
 600:	f9 01       	movw	r30, r18
 602:	ee 52       	subi	r30, 0x2E	; 46
 604:	fb 4f       	sbci	r31, 0xFB	; 251
 606:	00 81       	ld	r16, Z
 608:	11 81       	ldd	r17, Z+1	; 0x01
 60a:	01 15       	cp	r16, r1
 60c:	11 05       	cpc	r17, r1
 60e:	59 f4       	brne	.+22     	; 0x626 <nokia_lcd_write_char+0x72>
 610:	45 e0       	ldi	r20, 0x05	; 5
 612:	50 e0       	ldi	r21, 0x00	; 0
 614:	68 e6       	ldi	r22, 0x68	; 104
 616:	70 e0       	ldi	r23, 0x00	; 0
 618:	ce 01       	movw	r24, r28
 61a:	01 96       	adiw	r24, 0x01	; 1
 61c:	0e 94 51 06 	call	0xca2	; 0xca2 <memcpy_P>
 620:	8e 01       	movw	r16, r28
 622:	0f 5f       	subi	r16, 0xFF	; 255
 624:	1f 4f       	sbci	r17, 0xFF	; 255
 626:	85 e0       	ldi	r24, 0x05	; 5
 628:	f8 9e       	mul	r15, r24
 62a:	50 01       	movw	r10, r0
 62c:	11 24       	eor	r1, r1
 62e:	97 e0       	ldi	r25, 0x07	; 7
 630:	f9 9e       	mul	r15, r25
 632:	40 01       	movw	r8, r0
 634:	11 24       	eor	r1, r1
 636:	d1 2c       	mov	r13, r1
 638:	8d 2d       	mov	r24, r13
 63a:	90 e0       	ldi	r25, 0x00	; 0
 63c:	8a 15       	cp	r24, r10
 63e:	9b 05       	cpc	r25, r11
 640:	44 f5       	brge	.+80     	; 0x692 <nokia_lcd_write_char+0xde>
 642:	e1 2c       	mov	r14, r1
 644:	8e 2d       	mov	r24, r14
 646:	90 e0       	ldi	r25, 0x00	; 0
 648:	88 15       	cp	r24, r8
 64a:	99 05       	cpc	r25, r9
 64c:	04 f5       	brge	.+64     	; 0x68e <nokia_lcd_write_char+0xda>
 64e:	8d 2d       	mov	r24, r13
 650:	6f 2d       	mov	r22, r15
 652:	0e 94 59 05 	call	0xab2	; 0xab2 <__udivmodqi4>
 656:	f8 01       	movw	r30, r16
 658:	e8 0f       	add	r30, r24
 65a:	f1 1d       	adc	r31, r1
 65c:	20 81       	ld	r18, Z
 65e:	30 e0       	ldi	r19, 0x00	; 0
 660:	8e 2d       	mov	r24, r14
 662:	0e 94 59 05 	call	0xab2	; 0xab2 <__udivmodqi4>
 666:	02 c0       	rjmp	.+4      	; 0x66c <nokia_lcd_write_char+0xb8>
 668:	35 95       	asr	r19
 66a:	27 95       	ror	r18
 66c:	8a 95       	dec	r24
 66e:	e2 f7       	brpl	.-8      	; 0x668 <nokia_lcd_write_char+0xb4>
 670:	60 91 d1 04 	lds	r22, 0x04D1	; 0x8004d1 <nokia_lcd+0x1f9>
 674:	80 91 d0 04 	lds	r24, 0x04D0	; 0x8004d0 <nokia_lcd+0x1f8>
 678:	6e 0d       	add	r22, r14
 67a:	20 ff       	sbrs	r18, 0
 67c:	02 c0       	rjmp	.+4      	; 0x682 <nokia_lcd_write_char+0xce>
 67e:	41 e0       	ldi	r20, 0x01	; 1
 680:	01 c0       	rjmp	.+2      	; 0x684 <nokia_lcd_write_char+0xd0>
 682:	40 e0       	ldi	r20, 0x00	; 0
 684:	8d 0d       	add	r24, r13
 686:	0e 94 bc 02 	call	0x578	; 0x578 <nokia_lcd_set_pixel>
 68a:	e3 94       	inc	r14
 68c:	db cf       	rjmp	.-74     	; 0x644 <nokia_lcd_write_char+0x90>
 68e:	d3 94       	inc	r13
 690:	d3 cf       	rjmp	.-90     	; 0x638 <nokia_lcd_write_char+0x84>
 692:	80 91 d0 04 	lds	r24, 0x04D0	; 0x8004d0 <nokia_lcd+0x1f8>
 696:	91 e0       	ldi	r25, 0x01	; 1
 698:	98 0f       	add	r25, r24
 69a:	8f 2d       	mov	r24, r15
 69c:	88 0f       	add	r24, r24
 69e:	88 0f       	add	r24, r24
 6a0:	8f 0d       	add	r24, r15
 6a2:	89 0f       	add	r24, r25
 6a4:	84 35       	cpi	r24, 0x54	; 84
 6a6:	18 f4       	brcc	.+6      	; 0x6ae <nokia_lcd_write_char+0xfa>
 6a8:	80 93 d0 04 	sts	0x04D0, r24	; 0x8004d0 <nokia_lcd+0x1f8>
 6ac:	0b c0       	rjmp	.+22     	; 0x6c4 <nokia_lcd_write_char+0x110>
 6ae:	10 92 d0 04 	sts	0x04D0, r1	; 0x8004d0 <nokia_lcd+0x1f8>
 6b2:	80 91 d1 04 	lds	r24, 0x04D1	; 0x8004d1 <nokia_lcd+0x1f9>
 6b6:	8f 5f       	subi	r24, 0xFF	; 255
 6b8:	97 e0       	ldi	r25, 0x07	; 7
 6ba:	f9 9e       	mul	r15, r25
 6bc:	80 0d       	add	r24, r0
 6be:	11 24       	eor	r1, r1
 6c0:	80 93 d1 04 	sts	0x04D1, r24	; 0x8004d1 <nokia_lcd+0x1f9>
 6c4:	80 91 d1 04 	lds	r24, 0x04D1	; 0x8004d1 <nokia_lcd+0x1f9>
 6c8:	80 33       	cpi	r24, 0x30	; 48
 6ca:	20 f0       	brcs	.+8      	; 0x6d4 <nokia_lcd_write_char+0x120>
 6cc:	10 92 d0 04 	sts	0x04D0, r1	; 0x8004d0 <nokia_lcd+0x1f8>
 6d0:	10 92 d1 04 	sts	0x04D1, r1	; 0x8004d1 <nokia_lcd+0x1f9>
 6d4:	0f 90       	pop	r0
 6d6:	0f 90       	pop	r0
 6d8:	0f 90       	pop	r0
 6da:	0f 90       	pop	r0
 6dc:	0f 90       	pop	r0
 6de:	df 91       	pop	r29
 6e0:	cf 91       	pop	r28
 6e2:	1f 91       	pop	r17
 6e4:	0f 91       	pop	r16
 6e6:	ff 90       	pop	r15
 6e8:	ef 90       	pop	r14
 6ea:	df 90       	pop	r13
 6ec:	bf 90       	pop	r11
 6ee:	af 90       	pop	r10
 6f0:	9f 90       	pop	r9
 6f2:	8f 90       	pop	r8
 6f4:	08 95       	ret

000006f6 <nokia_lcd_custom>:
 6f6:	80 32       	cpi	r24, 0x20	; 32
 6f8:	3c f4       	brge	.+14     	; 0x708 <nokia_lcd_custom+0x12>
 6fa:	e8 2f       	mov	r30, r24
 6fc:	ee 0f       	add	r30, r30
 6fe:	ff 0b       	sbc	r31, r31
 700:	ee 52       	subi	r30, 0x2E	; 46
 702:	fb 4f       	sbci	r31, 0xFB	; 251
 704:	71 83       	std	Z+1, r23	; 0x01
 706:	60 83       	st	Z, r22
 708:	08 95       	ret

0000070a <nokia_lcd_write_string>:
 70a:	1f 93       	push	r17
 70c:	cf 93       	push	r28
 70e:	df 93       	push	r29
 710:	16 2f       	mov	r17, r22
 712:	ec 01       	movw	r28, r24
 714:	89 91       	ld	r24, Y+
 716:	88 23       	and	r24, r24
 718:	21 f0       	breq	.+8      	; 0x722 <nokia_lcd_write_string+0x18>
 71a:	61 2f       	mov	r22, r17
 71c:	0e 94 da 02 	call	0x5b4	; 0x5b4 <nokia_lcd_write_char>
 720:	f9 cf       	rjmp	.-14     	; 0x714 <nokia_lcd_write_string+0xa>
 722:	df 91       	pop	r29
 724:	cf 91       	pop	r28
 726:	1f 91       	pop	r17
 728:	08 95       	ret

0000072a <nokia_lcd_set_cursor>:
 72a:	80 93 d0 04 	sts	0x04D0, r24	; 0x8004d0 <nokia_lcd+0x1f8>
 72e:	60 93 d1 04 	sts	0x04D1, r22	; 0x8004d1 <nokia_lcd+0x1f9>
 732:	08 95       	ret

00000734 <nokia_lcd_render>:
 734:	cf 93       	push	r28
 736:	df 93       	push	r29
 738:	80 e8       	ldi	r24, 0x80	; 128
 73a:	0e 94 5a 02 	call	0x4b4	; 0x4b4 <write_cmd>
 73e:	80 e4       	ldi	r24, 0x40	; 64
 740:	0e 94 5a 02 	call	0x4b4	; 0x4b4 <write_cmd>
 744:	c8 ed       	ldi	r28, 0xD8	; 216
 746:	d2 e0       	ldi	r29, 0x02	; 2
 748:	61 e0       	ldi	r22, 0x01	; 1
 74a:	89 91       	ld	r24, Y+
 74c:	0e 94 3e 02 	call	0x47c	; 0x47c <write>
 750:	84 e0       	ldi	r24, 0x04	; 4
 752:	c0 3d       	cpi	r28, 0xD0	; 208
 754:	d8 07       	cpc	r29, r24
 756:	c1 f7       	brne	.-16     	; 0x748 <nokia_lcd_render+0x14>
 758:	df 91       	pop	r29
 75a:	cf 91       	pop	r28
 75c:	08 95       	ret

0000075e <main>:
 75e:	52 9a       	sbi	0x0a, 2	; 10
 760:	53 9a       	sbi	0x0a, 3	; 10
 762:	54 9a       	sbi	0x0a, 4	; 10
 764:	20 98       	cbi	0x04, 0	; 4
 766:	57 98       	cbi	0x0a, 7	; 10
 768:	56 98       	cbi	0x0a, 6	; 10
 76a:	55 98       	cbi	0x0a, 5	; 10
 76c:	0e 94 5d 02 	call	0x4ba	; 0x4ba <nokia_lcd_init>
 770:	0e 94 a0 02 	call	0x540	; 0x540 <nokia_lcd_clear>
 774:	60 e0       	ldi	r22, 0x00	; 0
 776:	71 e0       	ldi	r23, 0x01	; 1
 778:	81 e0       	ldi	r24, 0x01	; 1
 77a:	0e 94 7b 03 	call	0x6f6	; 0x6f6 <nokia_lcd_custom>
 77e:	61 e0       	ldi	r22, 0x01	; 1
 780:	81 e9       	ldi	r24, 0x91	; 145
 782:	91 e0       	ldi	r25, 0x01	; 1
 784:	0e 94 85 03 	call	0x70a	; 0x70a <nokia_lcd_write_string>
 788:	6c e0       	ldi	r22, 0x0C	; 12
 78a:	80 e0       	ldi	r24, 0x00	; 0
 78c:	0e 94 95 03 	call	0x72a	; 0x72a <nokia_lcd_set_cursor>
 790:	0e 94 9a 03 	call	0x734	; 0x734 <nokia_lcd_render>
 794:	d0 e1       	ldi	r29, 0x10	; 16
 796:	84 e0       	ldi	r24, 0x04	; 4
 798:	f8 2e       	mov	r15, r24
 79a:	01 e0       	ldi	r16, 0x01	; 1
 79c:	10 e0       	ldi	r17, 0x00	; 0
 79e:	c8 e0       	ldi	r28, 0x08	; 8
 7a0:	0e 94 87 01 	call	0x30e	; 0x30e <checaSaldo>
 7a4:	20 91 d4 02 	lds	r18, 0x02D4	; 0x8002d4 <saldo>
 7a8:	30 91 d5 02 	lds	r19, 0x02D5	; 0x8002d5 <saldo+0x1>
 7ac:	40 91 d6 02 	lds	r20, 0x02D6	; 0x8002d6 <saldo+0x2>
 7b0:	50 91 d7 02 	lds	r21, 0x02D7	; 0x8002d7 <saldo+0x3>
 7b4:	60 91 d0 02 	lds	r22, 0x02D0	; 0x8002d0 <tempSaldo>
 7b8:	70 91 d1 02 	lds	r23, 0x02D1	; 0x8002d1 <tempSaldo+0x1>
 7bc:	80 91 d2 02 	lds	r24, 0x02D2	; 0x8002d2 <tempSaldo+0x2>
 7c0:	90 91 d3 02 	lds	r25, 0x02D3	; 0x8002d3 <tempSaldo+0x3>
 7c4:	0e 94 d2 05 	call	0xba4	; 0xba4 <__cmpsf2>
 7c8:	81 11       	cpse	r24, r1
 7ca:	4a c0       	rjmp	.+148    	; 0x860 <__DATA_REGION_LENGTH__+0x60>
 7cc:	8f e9       	ldi	r24, 0x9F	; 159
 7ce:	9f e0       	ldi	r25, 0x0F	; 15
 7d0:	01 97       	sbiw	r24, 0x01	; 1
 7d2:	f1 f7       	brne	.-4      	; 0x7d0 <main+0x72>
 7d4:	00 c0       	rjmp	.+0      	; 0x7d6 <main+0x78>
 7d6:	00 00       	nop
 7d8:	80 91 ce 02 	lds	r24, 0x02CE	; 0x8002ce <contadorms>
 7dc:	90 91 cf 02 	lds	r25, 0x02CF	; 0x8002cf <contadorms+0x1>
 7e0:	01 96       	adiw	r24, 0x01	; 1
 7e2:	90 93 cf 02 	sts	0x02CF, r25	; 0x8002cf <contadorms+0x1>
 7e6:	80 93 ce 02 	sts	0x02CE, r24	; 0x8002ce <contadorms>
 7ea:	84 3f       	cpi	r24, 0xF4	; 244
 7ec:	91 40       	sbci	r25, 0x01	; 1
 7ee:	39 f4       	brne	.+14     	; 0x7fe <main+0xa0>
 7f0:	8b b1       	in	r24, 0x0b	; 11
 7f2:	8d 27       	eor	r24, r29
 7f4:	8b b9       	out	0x0b, r24	; 11
 7f6:	10 92 cf 02 	sts	0x02CF, r1	; 0x8002cf <contadorms+0x1>
 7fa:	10 92 ce 02 	sts	0x02CE, r1	; 0x8002ce <contadorms>
 7fe:	0e 94 43 01 	call	0x286	; 0x286 <botaoPress1>
 802:	01 97       	sbiw	r24, 0x01	; 1
 804:	31 f4       	brne	.+12     	; 0x812 <__DATA_REGION_LENGTH__+0x12>
 806:	5c 98       	cbi	0x0b, 4	; 11
 808:	20 e0       	ldi	r18, 0x00	; 0
 80a:	30 e0       	ldi	r19, 0x00	; 0
 80c:	40 e8       	ldi	r20, 0x80	; 128
 80e:	5f e3       	ldi	r21, 0x3F	; 63
 810:	14 c0       	rjmp	.+40     	; 0x83a <__DATA_REGION_LENGTH__+0x3a>
 812:	0e 94 54 01 	call	0x2a8	; 0x2a8 <botaoPress2>
 816:	01 97       	sbiw	r24, 0x01	; 1
 818:	31 f4       	brne	.+12     	; 0x826 <__DATA_REGION_LENGTH__+0x26>
 81a:	5c 98       	cbi	0x0b, 4	; 11
 81c:	20 e0       	ldi	r18, 0x00	; 0
 81e:	30 e0       	ldi	r19, 0x00	; 0
 820:	40 e8       	ldi	r20, 0x80	; 128
 822:	5e e3       	ldi	r21, 0x3E	; 62
 824:	0a c0       	rjmp	.+20     	; 0x83a <__DATA_REGION_LENGTH__+0x3a>
 826:	0e 94 65 01 	call	0x2ca	; 0x2ca <botaoPress3>
 82a:	01 97       	sbiw	r24, 0x01	; 1
 82c:	09 f0       	breq	.+2      	; 0x830 <__DATA_REGION_LENGTH__+0x30>
 82e:	ba cf       	rjmp	.-140    	; 0x7a4 <main+0x46>
 830:	5c 98       	cbi	0x0b, 4	; 11
 832:	20 e0       	ldi	r18, 0x00	; 0
 834:	30 e0       	ldi	r19, 0x00	; 0
 836:	40 e0       	ldi	r20, 0x00	; 0
 838:	5f e3       	ldi	r21, 0x3F	; 63
 83a:	60 91 d4 02 	lds	r22, 0x02D4	; 0x8002d4 <saldo>
 83e:	70 91 d5 02 	lds	r23, 0x02D5	; 0x8002d5 <saldo+0x1>
 842:	80 91 d6 02 	lds	r24, 0x02D6	; 0x8002d6 <saldo+0x2>
 846:	90 91 d7 02 	lds	r25, 0x02D7	; 0x8002d7 <saldo+0x3>
 84a:	0e 94 66 05 	call	0xacc	; 0xacc <__addsf3>
 84e:	60 93 d4 02 	sts	0x02D4, r22	; 0x8002d4 <saldo>
 852:	70 93 d5 02 	sts	0x02D5, r23	; 0x8002d5 <saldo+0x1>
 856:	80 93 d6 02 	sts	0x02D6, r24	; 0x8002d6 <saldo+0x2>
 85a:	90 93 d7 02 	sts	0x02D7, r25	; 0x8002d7 <saldo+0x3>
 85e:	a2 cf       	rjmp	.-188    	; 0x7a4 <main+0x46>
 860:	80 91 cc 02 	lds	r24, 0x02CC	; 0x8002cc <__data_end>
 864:	90 91 cd 02 	lds	r25, 0x02CD	; 0x8002cd <__data_end+0x1>
 868:	89 2b       	or	r24, r25
 86a:	39 f4       	brne	.+14     	; 0x87a <__DATA_REGION_LENGTH__+0x7a>
 86c:	8b b1       	in	r24, 0x0b	; 11
 86e:	8f 25       	eor	r24, r15
 870:	8b b9       	out	0x0b, r24	; 11
 872:	10 93 cd 02 	sts	0x02CD, r17	; 0x8002cd <__data_end+0x1>
 876:	00 93 cc 02 	sts	0x02CC, r16	; 0x8002cc <__data_end>
 87a:	0e 94 87 01 	call	0x30e	; 0x30e <checaSaldo>
 87e:	0e 94 43 01 	call	0x286	; 0x286 <botaoPress1>
 882:	01 97       	sbiw	r24, 0x01	; 1
 884:	29 f4       	brne	.+10     	; 0x890 <__DATA_REGION_LENGTH__+0x90>
 886:	20 e0       	ldi	r18, 0x00	; 0
 888:	30 e0       	ldi	r19, 0x00	; 0
 88a:	40 e8       	ldi	r20, 0x80	; 128
 88c:	5f e3       	ldi	r21, 0x3F	; 63
 88e:	11 c0       	rjmp	.+34     	; 0x8b2 <__DATA_REGION_LENGTH__+0xb2>
 890:	0e 94 54 01 	call	0x2a8	; 0x2a8 <botaoPress2>
 894:	01 97       	sbiw	r24, 0x01	; 1
 896:	29 f4       	brne	.+10     	; 0x8a2 <__DATA_REGION_LENGTH__+0xa2>
 898:	20 e0       	ldi	r18, 0x00	; 0
 89a:	30 e0       	ldi	r19, 0x00	; 0
 89c:	40 e8       	ldi	r20, 0x80	; 128
 89e:	5e e3       	ldi	r21, 0x3E	; 62
 8a0:	08 c0       	rjmp	.+16     	; 0x8b2 <__DATA_REGION_LENGTH__+0xb2>
 8a2:	0e 94 65 01 	call	0x2ca	; 0x2ca <botaoPress3>
 8a6:	01 97       	sbiw	r24, 0x01	; 1
 8a8:	b1 f4       	brne	.+44     	; 0x8d6 <__DATA_REGION_LENGTH__+0xd6>
 8aa:	20 e0       	ldi	r18, 0x00	; 0
 8ac:	30 e0       	ldi	r19, 0x00	; 0
 8ae:	40 e0       	ldi	r20, 0x00	; 0
 8b0:	5f e3       	ldi	r21, 0x3F	; 63
 8b2:	60 91 d4 02 	lds	r22, 0x02D4	; 0x8002d4 <saldo>
 8b6:	70 91 d5 02 	lds	r23, 0x02D5	; 0x8002d5 <saldo+0x1>
 8ba:	80 91 d6 02 	lds	r24, 0x02D6	; 0x8002d6 <saldo+0x2>
 8be:	90 91 d7 02 	lds	r25, 0x02D7	; 0x8002d7 <saldo+0x3>
 8c2:	0e 94 66 05 	call	0xacc	; 0xacc <__addsf3>
 8c6:	60 93 d4 02 	sts	0x02D4, r22	; 0x8002d4 <saldo>
 8ca:	70 93 d5 02 	sts	0x02D5, r23	; 0x8002d5 <saldo+0x1>
 8ce:	80 93 d6 02 	sts	0x02D6, r24	; 0x8002d6 <saldo+0x2>
 8d2:	90 93 d7 02 	sts	0x02D7, r25	; 0x8002d7 <saldo+0x3>
 8d6:	0e 94 87 01 	call	0x30e	; 0x30e <checaSaldo>
 8da:	20 e0       	ldi	r18, 0x00	; 0
 8dc:	30 e0       	ldi	r19, 0x00	; 0
 8de:	40 ec       	ldi	r20, 0xC0	; 192
 8e0:	5f e3       	ldi	r21, 0x3F	; 63
 8e2:	60 91 d4 02 	lds	r22, 0x02D4	; 0x8002d4 <saldo>
 8e6:	70 91 d5 02 	lds	r23, 0x02D5	; 0x8002d5 <saldo+0x1>
 8ea:	80 91 d6 02 	lds	r24, 0x02D6	; 0x8002d6 <saldo+0x2>
 8ee:	90 91 d7 02 	lds	r25, 0x02D7	; 0x8002d7 <saldo+0x3>
 8f2:	0e 94 4c 06 	call	0xc98	; 0xc98 <__gesf2>
 8f6:	87 fd       	sbrc	r24, 7
 8f8:	cb c0       	rjmp	.+406    	; 0xa90 <__stack+0x191>
 8fa:	8f ef       	ldi	r24, 0xFF	; 255
 8fc:	99 e6       	ldi	r25, 0x69	; 105
 8fe:	28 e1       	ldi	r18, 0x18	; 24
 900:	81 50       	subi	r24, 0x01	; 1
 902:	90 40       	sbci	r25, 0x00	; 0
 904:	20 40       	sbci	r18, 0x00	; 0
 906:	e1 f7       	brne	.-8      	; 0x900 <__stack+0x1>
 908:	00 c0       	rjmp	.+0      	; 0x90a <__stack+0xb>
 90a:	00 00       	nop
 90c:	c1 c0       	rjmp	.+386    	; 0xa90 <__stack+0x191>
 90e:	5a 98       	cbi	0x0b, 2	; 11
 910:	0e 94 a0 02 	call	0x540	; 0x540 <nokia_lcd_clear>
 914:	61 e0       	ldi	r22, 0x01	; 1
 916:	8b e9       	ldi	r24, 0x9B	; 155
 918:	91 e0       	ldi	r25, 0x01	; 1
 91a:	0e 94 85 03 	call	0x70a	; 0x70a <nokia_lcd_write_string>
 91e:	0e 94 9a 03 	call	0x734	; 0x734 <nokia_lcd_render>
 922:	0e 94 76 01 	call	0x2ec	; 0x2ec <botaoContagem>
 926:	01 97       	sbiw	r24, 0x01	; 1
 928:	09 f0       	breq	.+2      	; 0x92c <__stack+0x2d>
 92a:	b2 c0       	rjmp	.+356    	; 0xa90 <__stack+0x191>
 92c:	8b b1       	in	r24, 0x0b	; 11
 92e:	8c 27       	eor	r24, r28
 930:	8b b9       	out	0x0b, r24	; 11
 932:	0e 94 a0 02 	call	0x540	; 0x540 <nokia_lcd_clear>
 936:	61 e0       	ldi	r22, 0x01	; 1
 938:	81 ee       	ldi	r24, 0xE1	; 225
 93a:	91 e0       	ldi	r25, 0x01	; 1
 93c:	0e 94 85 03 	call	0x70a	; 0x70a <nokia_lcd_write_string>
 940:	0e 94 9a 03 	call	0x734	; 0x734 <nokia_lcd_render>
 944:	8f ef       	ldi	r24, 0xFF	; 255
 946:	93 ed       	ldi	r25, 0xD3	; 211
 948:	20 e3       	ldi	r18, 0x30	; 48
 94a:	81 50       	subi	r24, 0x01	; 1
 94c:	90 40       	sbci	r25, 0x00	; 0
 94e:	20 40       	sbci	r18, 0x00	; 0
 950:	e1 f7       	brne	.-8      	; 0x94a <__stack+0x4b>
 952:	00 c0       	rjmp	.+0      	; 0x954 <__stack+0x55>
 954:	00 00       	nop
 956:	5b 98       	cbi	0x0b, 3	; 11
 958:	0e 94 a0 02 	call	0x540	; 0x540 <nokia_lcd_clear>
 95c:	61 e0       	ldi	r22, 0x01	; 1
 95e:	80 e0       	ldi	r24, 0x00	; 0
 960:	92 e0       	ldi	r25, 0x02	; 2
 962:	0e 94 85 03 	call	0x70a	; 0x70a <nokia_lcd_write_string>
 966:	0e 94 9a 03 	call	0x734	; 0x734 <nokia_lcd_render>
 96a:	8f ef       	ldi	r24, 0xFF	; 255
 96c:	93 ed       	ldi	r25, 0xD3	; 211
 96e:	20 e3       	ldi	r18, 0x30	; 48
 970:	81 50       	subi	r24, 0x01	; 1
 972:	90 40       	sbci	r25, 0x00	; 0
 974:	20 40       	sbci	r18, 0x00	; 0
 976:	e1 f7       	brne	.-8      	; 0x970 <__stack+0x71>
 978:	00 c0       	rjmp	.+0      	; 0x97a <__stack+0x7b>
 97a:	00 00       	nop
 97c:	8b b1       	in	r24, 0x0b	; 11
 97e:	8c 27       	eor	r24, r28
 980:	8b b9       	out	0x0b, r24	; 11
 982:	0e 94 a0 02 	call	0x540	; 0x540 <nokia_lcd_clear>
 986:	61 e0       	ldi	r22, 0x01	; 1
 988:	8e e1       	ldi	r24, 0x1E	; 30
 98a:	92 e0       	ldi	r25, 0x02	; 2
 98c:	0e 94 85 03 	call	0x70a	; 0x70a <nokia_lcd_write_string>
 990:	0e 94 9a 03 	call	0x734	; 0x734 <nokia_lcd_render>
 994:	8f ef       	ldi	r24, 0xFF	; 255
 996:	93 ed       	ldi	r25, 0xD3	; 211
 998:	20 e3       	ldi	r18, 0x30	; 48
 99a:	81 50       	subi	r24, 0x01	; 1
 99c:	90 40       	sbci	r25, 0x00	; 0
 99e:	20 40       	sbci	r18, 0x00	; 0
 9a0:	e1 f7       	brne	.-8      	; 0x99a <__stack+0x9b>
 9a2:	00 c0       	rjmp	.+0      	; 0x9a4 <__stack+0xa5>
 9a4:	00 00       	nop
 9a6:	5b 98       	cbi	0x0b, 3	; 11
 9a8:	0e 94 a0 02 	call	0x540	; 0x540 <nokia_lcd_clear>
 9ac:	61 e0       	ldi	r22, 0x01	; 1
 9ae:	8c e3       	ldi	r24, 0x3C	; 60
 9b0:	92 e0       	ldi	r25, 0x02	; 2
 9b2:	0e 94 85 03 	call	0x70a	; 0x70a <nokia_lcd_write_string>
 9b6:	0e 94 9a 03 	call	0x734	; 0x734 <nokia_lcd_render>
 9ba:	8f ef       	ldi	r24, 0xFF	; 255
 9bc:	93 ed       	ldi	r25, 0xD3	; 211
 9be:	20 e3       	ldi	r18, 0x30	; 48
 9c0:	81 50       	subi	r24, 0x01	; 1
 9c2:	90 40       	sbci	r25, 0x00	; 0
 9c4:	20 40       	sbci	r18, 0x00	; 0
 9c6:	e1 f7       	brne	.-8      	; 0x9c0 <__stack+0xc1>
 9c8:	00 c0       	rjmp	.+0      	; 0x9ca <__stack+0xcb>
 9ca:	00 00       	nop
 9cc:	8b b1       	in	r24, 0x0b	; 11
 9ce:	8c 27       	eor	r24, r28
 9d0:	8b b9       	out	0x0b, r24	; 11
 9d2:	0e 94 a0 02 	call	0x540	; 0x540 <nokia_lcd_clear>
 9d6:	61 e0       	ldi	r22, 0x01	; 1
 9d8:	8a e5       	ldi	r24, 0x5A	; 90
 9da:	92 e0       	ldi	r25, 0x02	; 2
 9dc:	0e 94 85 03 	call	0x70a	; 0x70a <nokia_lcd_write_string>
 9e0:	0e 94 9a 03 	call	0x734	; 0x734 <nokia_lcd_render>
 9e4:	8f ef       	ldi	r24, 0xFF	; 255
 9e6:	93 ed       	ldi	r25, 0xD3	; 211
 9e8:	20 e3       	ldi	r18, 0x30	; 48
 9ea:	81 50       	subi	r24, 0x01	; 1
 9ec:	90 40       	sbci	r25, 0x00	; 0
 9ee:	20 40       	sbci	r18, 0x00	; 0
 9f0:	e1 f7       	brne	.-8      	; 0x9ea <__stack+0xeb>
 9f2:	00 c0       	rjmp	.+0      	; 0x9f4 <__stack+0xf5>
 9f4:	00 00       	nop
 9f6:	5b 98       	cbi	0x0b, 3	; 11
 9f8:	0e 94 a0 02 	call	0x540	; 0x540 <nokia_lcd_clear>
 9fc:	61 e0       	ldi	r22, 0x01	; 1
 9fe:	88 e7       	ldi	r24, 0x78	; 120
 a00:	92 e0       	ldi	r25, 0x02	; 2
 a02:	0e 94 85 03 	call	0x70a	; 0x70a <nokia_lcd_write_string>
 a06:	0e 94 9a 03 	call	0x734	; 0x734 <nokia_lcd_render>
 a0a:	8f ef       	ldi	r24, 0xFF	; 255
 a0c:	93 ed       	ldi	r25, 0xD3	; 211
 a0e:	20 e3       	ldi	r18, 0x30	; 48
 a10:	81 50       	subi	r24, 0x01	; 1
 a12:	90 40       	sbci	r25, 0x00	; 0
 a14:	20 40       	sbci	r18, 0x00	; 0
 a16:	e1 f7       	brne	.-8      	; 0xa10 <__stack+0x111>
 a18:	00 c0       	rjmp	.+0      	; 0xa1a <__stack+0x11b>
 a1a:	00 00       	nop
 a1c:	8b b1       	in	r24, 0x0b	; 11
 a1e:	8c 27       	eor	r24, r28
 a20:	8b b9       	out	0x0b, r24	; 11
 a22:	0e 94 a0 02 	call	0x540	; 0x540 <nokia_lcd_clear>
 a26:	61 e0       	ldi	r22, 0x01	; 1
 a28:	86 e9       	ldi	r24, 0x96	; 150
 a2a:	92 e0       	ldi	r25, 0x02	; 2
 a2c:	0e 94 85 03 	call	0x70a	; 0x70a <nokia_lcd_write_string>
 a30:	0e 94 9a 03 	call	0x734	; 0x734 <nokia_lcd_render>
 a34:	8f ef       	ldi	r24, 0xFF	; 255
 a36:	93 ed       	ldi	r25, 0xD3	; 211
 a38:	20 e3       	ldi	r18, 0x30	; 48
 a3a:	81 50       	subi	r24, 0x01	; 1
 a3c:	90 40       	sbci	r25, 0x00	; 0
 a3e:	20 40       	sbci	r18, 0x00	; 0
 a40:	e1 f7       	brne	.-8      	; 0xa3a <__stack+0x13b>
 a42:	00 c0       	rjmp	.+0      	; 0xa44 <__stack+0x145>
 a44:	00 00       	nop
 a46:	5b 98       	cbi	0x0b, 3	; 11
 a48:	0e 94 87 01 	call	0x30e	; 0x30e <checaSaldo>
 a4c:	10 92 cd 02 	sts	0x02CD, r1	; 0x8002cd <__data_end+0x1>
 a50:	10 92 cc 02 	sts	0x02CC, r1	; 0x8002cc <__data_end>
 a54:	20 e0       	ldi	r18, 0x00	; 0
 a56:	30 e0       	ldi	r19, 0x00	; 0
 a58:	40 ec       	ldi	r20, 0xC0	; 192
 a5a:	5f e3       	ldi	r21, 0x3F	; 63
 a5c:	60 91 d4 02 	lds	r22, 0x02D4	; 0x8002d4 <saldo>
 a60:	70 91 d5 02 	lds	r23, 0x02D5	; 0x8002d5 <saldo+0x1>
 a64:	80 91 d6 02 	lds	r24, 0x02D6	; 0x8002d6 <saldo+0x2>
 a68:	90 91 d7 02 	lds	r25, 0x02D7	; 0x8002d7 <saldo+0x3>
 a6c:	0e 94 65 05 	call	0xaca	; 0xaca <__subsf3>
 a70:	60 93 d0 02 	sts	0x02D0, r22	; 0x8002d0 <tempSaldo>
 a74:	70 93 d1 02 	sts	0x02D1, r23	; 0x8002d1 <tempSaldo+0x1>
 a78:	80 93 d2 02 	sts	0x02D2, r24	; 0x8002d2 <tempSaldo+0x2>
 a7c:	90 93 d3 02 	sts	0x02D3, r25	; 0x8002d3 <tempSaldo+0x3>
 a80:	60 93 d4 02 	sts	0x02D4, r22	; 0x8002d4 <saldo>
 a84:	70 93 d5 02 	sts	0x02D5, r23	; 0x8002d5 <saldo+0x1>
 a88:	80 93 d6 02 	sts	0x02D6, r24	; 0x8002d6 <saldo+0x2>
 a8c:	90 93 d7 02 	sts	0x02D7, r25	; 0x8002d7 <saldo+0x3>
 a90:	20 e0       	ldi	r18, 0x00	; 0
 a92:	30 e0       	ldi	r19, 0x00	; 0
 a94:	40 ec       	ldi	r20, 0xC0	; 192
 a96:	5f e3       	ldi	r21, 0x3F	; 63
 a98:	60 91 d4 02 	lds	r22, 0x02D4	; 0x8002d4 <saldo>
 a9c:	70 91 d5 02 	lds	r23, 0x02D5	; 0x8002d5 <saldo+0x1>
 aa0:	80 91 d6 02 	lds	r24, 0x02D6	; 0x8002d6 <saldo+0x2>
 aa4:	90 91 d7 02 	lds	r25, 0x02D7	; 0x8002d7 <saldo+0x3>
 aa8:	0e 94 4c 06 	call	0xc98	; 0xc98 <__gesf2>
 aac:	87 ff       	sbrs	r24, 7
 aae:	2f cf       	rjmp	.-418    	; 0x90e <__stack+0xf>
 ab0:	77 ce       	rjmp	.-786    	; 0x7a0 <main+0x42>

00000ab2 <__udivmodqi4>:
 ab2:	99 1b       	sub	r25, r25
 ab4:	79 e0       	ldi	r23, 0x09	; 9
 ab6:	04 c0       	rjmp	.+8      	; 0xac0 <__udivmodqi4_ep>

00000ab8 <__udivmodqi4_loop>:
 ab8:	99 1f       	adc	r25, r25
 aba:	96 17       	cp	r25, r22
 abc:	08 f0       	brcs	.+2      	; 0xac0 <__udivmodqi4_ep>
 abe:	96 1b       	sub	r25, r22

00000ac0 <__udivmodqi4_ep>:
 ac0:	88 1f       	adc	r24, r24
 ac2:	7a 95       	dec	r23
 ac4:	c9 f7       	brne	.-14     	; 0xab8 <__udivmodqi4_loop>
 ac6:	80 95       	com	r24
 ac8:	08 95       	ret

00000aca <__subsf3>:
 aca:	50 58       	subi	r21, 0x80	; 128

00000acc <__addsf3>:
 acc:	bb 27       	eor	r27, r27
 ace:	aa 27       	eor	r26, r26
 ad0:	0e 94 7d 05 	call	0xafa	; 0xafa <__addsf3x>
 ad4:	0c 94 12 06 	jmp	0xc24	; 0xc24 <__fp_round>
 ad8:	0e 94 04 06 	call	0xc08	; 0xc08 <__fp_pscA>
 adc:	38 f0       	brcs	.+14     	; 0xaec <__addsf3+0x20>
 ade:	0e 94 0b 06 	call	0xc16	; 0xc16 <__fp_pscB>
 ae2:	20 f0       	brcs	.+8      	; 0xaec <__addsf3+0x20>
 ae4:	39 f4       	brne	.+14     	; 0xaf4 <__addsf3+0x28>
 ae6:	9f 3f       	cpi	r25, 0xFF	; 255
 ae8:	19 f4       	brne	.+6      	; 0xaf0 <__addsf3+0x24>
 aea:	26 f4       	brtc	.+8      	; 0xaf4 <__addsf3+0x28>
 aec:	0c 94 01 06 	jmp	0xc02	; 0xc02 <__fp_nan>
 af0:	0e f4       	brtc	.+2      	; 0xaf4 <__addsf3+0x28>
 af2:	e0 95       	com	r30
 af4:	e7 fb       	bst	r30, 7
 af6:	0c 94 fb 05 	jmp	0xbf6	; 0xbf6 <__fp_inf>

00000afa <__addsf3x>:
 afa:	e9 2f       	mov	r30, r25
 afc:	0e 94 23 06 	call	0xc46	; 0xc46 <__fp_split3>
 b00:	58 f3       	brcs	.-42     	; 0xad8 <__addsf3+0xc>
 b02:	ba 17       	cp	r27, r26
 b04:	62 07       	cpc	r22, r18
 b06:	73 07       	cpc	r23, r19
 b08:	84 07       	cpc	r24, r20
 b0a:	95 07       	cpc	r25, r21
 b0c:	20 f0       	brcs	.+8      	; 0xb16 <__addsf3x+0x1c>
 b0e:	79 f4       	brne	.+30     	; 0xb2e <__addsf3x+0x34>
 b10:	a6 f5       	brtc	.+104    	; 0xb7a <__addsf3x+0x80>
 b12:	0c 94 45 06 	jmp	0xc8a	; 0xc8a <__fp_zero>
 b16:	0e f4       	brtc	.+2      	; 0xb1a <__addsf3x+0x20>
 b18:	e0 95       	com	r30
 b1a:	0b 2e       	mov	r0, r27
 b1c:	ba 2f       	mov	r27, r26
 b1e:	a0 2d       	mov	r26, r0
 b20:	0b 01       	movw	r0, r22
 b22:	b9 01       	movw	r22, r18
 b24:	90 01       	movw	r18, r0
 b26:	0c 01       	movw	r0, r24
 b28:	ca 01       	movw	r24, r20
 b2a:	a0 01       	movw	r20, r0
 b2c:	11 24       	eor	r1, r1
 b2e:	ff 27       	eor	r31, r31
 b30:	59 1b       	sub	r21, r25
 b32:	99 f0       	breq	.+38     	; 0xb5a <__addsf3x+0x60>
 b34:	59 3f       	cpi	r21, 0xF9	; 249
 b36:	50 f4       	brcc	.+20     	; 0xb4c <__addsf3x+0x52>
 b38:	50 3e       	cpi	r21, 0xE0	; 224
 b3a:	68 f1       	brcs	.+90     	; 0xb96 <__addsf3x+0x9c>
 b3c:	1a 16       	cp	r1, r26
 b3e:	f0 40       	sbci	r31, 0x00	; 0
 b40:	a2 2f       	mov	r26, r18
 b42:	23 2f       	mov	r18, r19
 b44:	34 2f       	mov	r19, r20
 b46:	44 27       	eor	r20, r20
 b48:	58 5f       	subi	r21, 0xF8	; 248
 b4a:	f3 cf       	rjmp	.-26     	; 0xb32 <__addsf3x+0x38>
 b4c:	46 95       	lsr	r20
 b4e:	37 95       	ror	r19
 b50:	27 95       	ror	r18
 b52:	a7 95       	ror	r26
 b54:	f0 40       	sbci	r31, 0x00	; 0
 b56:	53 95       	inc	r21
 b58:	c9 f7       	brne	.-14     	; 0xb4c <__addsf3x+0x52>
 b5a:	7e f4       	brtc	.+30     	; 0xb7a <__addsf3x+0x80>
 b5c:	1f 16       	cp	r1, r31
 b5e:	ba 0b       	sbc	r27, r26
 b60:	62 0b       	sbc	r22, r18
 b62:	73 0b       	sbc	r23, r19
 b64:	84 0b       	sbc	r24, r20
 b66:	ba f0       	brmi	.+46     	; 0xb96 <__addsf3x+0x9c>
 b68:	91 50       	subi	r25, 0x01	; 1
 b6a:	a1 f0       	breq	.+40     	; 0xb94 <__addsf3x+0x9a>
 b6c:	ff 0f       	add	r31, r31
 b6e:	bb 1f       	adc	r27, r27
 b70:	66 1f       	adc	r22, r22
 b72:	77 1f       	adc	r23, r23
 b74:	88 1f       	adc	r24, r24
 b76:	c2 f7       	brpl	.-16     	; 0xb68 <__addsf3x+0x6e>
 b78:	0e c0       	rjmp	.+28     	; 0xb96 <__addsf3x+0x9c>
 b7a:	ba 0f       	add	r27, r26
 b7c:	62 1f       	adc	r22, r18
 b7e:	73 1f       	adc	r23, r19
 b80:	84 1f       	adc	r24, r20
 b82:	48 f4       	brcc	.+18     	; 0xb96 <__addsf3x+0x9c>
 b84:	87 95       	ror	r24
 b86:	77 95       	ror	r23
 b88:	67 95       	ror	r22
 b8a:	b7 95       	ror	r27
 b8c:	f7 95       	ror	r31
 b8e:	9e 3f       	cpi	r25, 0xFE	; 254
 b90:	08 f0       	brcs	.+2      	; 0xb94 <__addsf3x+0x9a>
 b92:	b0 cf       	rjmp	.-160    	; 0xaf4 <__addsf3+0x28>
 b94:	93 95       	inc	r25
 b96:	88 0f       	add	r24, r24
 b98:	08 f0       	brcs	.+2      	; 0xb9c <__addsf3x+0xa2>
 b9a:	99 27       	eor	r25, r25
 b9c:	ee 0f       	add	r30, r30
 b9e:	97 95       	ror	r25
 ba0:	87 95       	ror	r24
 ba2:	08 95       	ret

00000ba4 <__cmpsf2>:
 ba4:	0e 94 d7 05 	call	0xbae	; 0xbae <__fp_cmp>
 ba8:	08 f4       	brcc	.+2      	; 0xbac <__cmpsf2+0x8>
 baa:	81 e0       	ldi	r24, 0x01	; 1
 bac:	08 95       	ret

00000bae <__fp_cmp>:
 bae:	99 0f       	add	r25, r25
 bb0:	00 08       	sbc	r0, r0
 bb2:	55 0f       	add	r21, r21
 bb4:	aa 0b       	sbc	r26, r26
 bb6:	e0 e8       	ldi	r30, 0x80	; 128
 bb8:	fe ef       	ldi	r31, 0xFE	; 254
 bba:	16 16       	cp	r1, r22
 bbc:	17 06       	cpc	r1, r23
 bbe:	e8 07       	cpc	r30, r24
 bc0:	f9 07       	cpc	r31, r25
 bc2:	c0 f0       	brcs	.+48     	; 0xbf4 <__fp_cmp+0x46>
 bc4:	12 16       	cp	r1, r18
 bc6:	13 06       	cpc	r1, r19
 bc8:	e4 07       	cpc	r30, r20
 bca:	f5 07       	cpc	r31, r21
 bcc:	98 f0       	brcs	.+38     	; 0xbf4 <__fp_cmp+0x46>
 bce:	62 1b       	sub	r22, r18
 bd0:	73 0b       	sbc	r23, r19
 bd2:	84 0b       	sbc	r24, r20
 bd4:	95 0b       	sbc	r25, r21
 bd6:	39 f4       	brne	.+14     	; 0xbe6 <__fp_cmp+0x38>
 bd8:	0a 26       	eor	r0, r26
 bda:	61 f0       	breq	.+24     	; 0xbf4 <__fp_cmp+0x46>
 bdc:	23 2b       	or	r18, r19
 bde:	24 2b       	or	r18, r20
 be0:	25 2b       	or	r18, r21
 be2:	21 f4       	brne	.+8      	; 0xbec <__fp_cmp+0x3e>
 be4:	08 95       	ret
 be6:	0a 26       	eor	r0, r26
 be8:	09 f4       	brne	.+2      	; 0xbec <__fp_cmp+0x3e>
 bea:	a1 40       	sbci	r26, 0x01	; 1
 bec:	a6 95       	lsr	r26
 bee:	8f ef       	ldi	r24, 0xFF	; 255
 bf0:	81 1d       	adc	r24, r1
 bf2:	81 1d       	adc	r24, r1
 bf4:	08 95       	ret

00000bf6 <__fp_inf>:
 bf6:	97 f9       	bld	r25, 7
 bf8:	9f 67       	ori	r25, 0x7F	; 127
 bfa:	80 e8       	ldi	r24, 0x80	; 128
 bfc:	70 e0       	ldi	r23, 0x00	; 0
 bfe:	60 e0       	ldi	r22, 0x00	; 0
 c00:	08 95       	ret

00000c02 <__fp_nan>:
 c02:	9f ef       	ldi	r25, 0xFF	; 255
 c04:	80 ec       	ldi	r24, 0xC0	; 192
 c06:	08 95       	ret

00000c08 <__fp_pscA>:
 c08:	00 24       	eor	r0, r0
 c0a:	0a 94       	dec	r0
 c0c:	16 16       	cp	r1, r22
 c0e:	17 06       	cpc	r1, r23
 c10:	18 06       	cpc	r1, r24
 c12:	09 06       	cpc	r0, r25
 c14:	08 95       	ret

00000c16 <__fp_pscB>:
 c16:	00 24       	eor	r0, r0
 c18:	0a 94       	dec	r0
 c1a:	12 16       	cp	r1, r18
 c1c:	13 06       	cpc	r1, r19
 c1e:	14 06       	cpc	r1, r20
 c20:	05 06       	cpc	r0, r21
 c22:	08 95       	ret

00000c24 <__fp_round>:
 c24:	09 2e       	mov	r0, r25
 c26:	03 94       	inc	r0
 c28:	00 0c       	add	r0, r0
 c2a:	11 f4       	brne	.+4      	; 0xc30 <__fp_round+0xc>
 c2c:	88 23       	and	r24, r24
 c2e:	52 f0       	brmi	.+20     	; 0xc44 <__fp_round+0x20>
 c30:	bb 0f       	add	r27, r27
 c32:	40 f4       	brcc	.+16     	; 0xc44 <__fp_round+0x20>
 c34:	bf 2b       	or	r27, r31
 c36:	11 f4       	brne	.+4      	; 0xc3c <__fp_round+0x18>
 c38:	60 ff       	sbrs	r22, 0
 c3a:	04 c0       	rjmp	.+8      	; 0xc44 <__fp_round+0x20>
 c3c:	6f 5f       	subi	r22, 0xFF	; 255
 c3e:	7f 4f       	sbci	r23, 0xFF	; 255
 c40:	8f 4f       	sbci	r24, 0xFF	; 255
 c42:	9f 4f       	sbci	r25, 0xFF	; 255
 c44:	08 95       	ret

00000c46 <__fp_split3>:
 c46:	57 fd       	sbrc	r21, 7
 c48:	90 58       	subi	r25, 0x80	; 128
 c4a:	44 0f       	add	r20, r20
 c4c:	55 1f       	adc	r21, r21
 c4e:	59 f0       	breq	.+22     	; 0xc66 <__fp_splitA+0x10>
 c50:	5f 3f       	cpi	r21, 0xFF	; 255
 c52:	71 f0       	breq	.+28     	; 0xc70 <__fp_splitA+0x1a>
 c54:	47 95       	ror	r20

00000c56 <__fp_splitA>:
 c56:	88 0f       	add	r24, r24
 c58:	97 fb       	bst	r25, 7
 c5a:	99 1f       	adc	r25, r25
 c5c:	61 f0       	breq	.+24     	; 0xc76 <__fp_splitA+0x20>
 c5e:	9f 3f       	cpi	r25, 0xFF	; 255
 c60:	79 f0       	breq	.+30     	; 0xc80 <__fp_splitA+0x2a>
 c62:	87 95       	ror	r24
 c64:	08 95       	ret
 c66:	12 16       	cp	r1, r18
 c68:	13 06       	cpc	r1, r19
 c6a:	14 06       	cpc	r1, r20
 c6c:	55 1f       	adc	r21, r21
 c6e:	f2 cf       	rjmp	.-28     	; 0xc54 <__fp_split3+0xe>
 c70:	46 95       	lsr	r20
 c72:	f1 df       	rcall	.-30     	; 0xc56 <__fp_splitA>
 c74:	08 c0       	rjmp	.+16     	; 0xc86 <__fp_splitA+0x30>
 c76:	16 16       	cp	r1, r22
 c78:	17 06       	cpc	r1, r23
 c7a:	18 06       	cpc	r1, r24
 c7c:	99 1f       	adc	r25, r25
 c7e:	f1 cf       	rjmp	.-30     	; 0xc62 <__fp_splitA+0xc>
 c80:	86 95       	lsr	r24
 c82:	71 05       	cpc	r23, r1
 c84:	61 05       	cpc	r22, r1
 c86:	08 94       	sec
 c88:	08 95       	ret

00000c8a <__fp_zero>:
 c8a:	e8 94       	clt

00000c8c <__fp_szero>:
 c8c:	bb 27       	eor	r27, r27
 c8e:	66 27       	eor	r22, r22
 c90:	77 27       	eor	r23, r23
 c92:	cb 01       	movw	r24, r22
 c94:	97 f9       	bld	r25, 7
 c96:	08 95       	ret

00000c98 <__gesf2>:
 c98:	0e 94 d7 05 	call	0xbae	; 0xbae <__fp_cmp>
 c9c:	08 f4       	brcc	.+2      	; 0xca0 <__gesf2+0x8>
 c9e:	8f ef       	ldi	r24, 0xFF	; 255
 ca0:	08 95       	ret

00000ca2 <memcpy_P>:
 ca2:	fb 01       	movw	r30, r22
 ca4:	dc 01       	movw	r26, r24
 ca6:	02 c0       	rjmp	.+4      	; 0xcac <memcpy_P+0xa>
 ca8:	05 90       	lpm	r0, Z+
 caa:	0d 92       	st	X+, r0
 cac:	41 50       	subi	r20, 0x01	; 1
 cae:	50 40       	sbci	r21, 0x00	; 0
 cb0:	d8 f7       	brcc	.-10     	; 0xca8 <memcpy_P+0x6>
 cb2:	08 95       	ret

00000cb4 <_exit>:
 cb4:	f8 94       	cli

00000cb6 <__stop_program>:
 cb6:	ff cf       	rjmp	.-2      	; 0xcb6 <__stop_program>
